0 info it worked if it ends with ok
1 verbose cli [ '/usr/local/bin/node',
1 verbose cli   '/usr/local/bin/npm',
1 verbose cli   'install',
1 verbose cli   'node-ads1x15' ]
2 info using npm@3.5.3
3 info using node@v4.2.1
4 silly loadCurrentTree Starting
5 silly install loadCurrentTree
6 silly install readLocalPackageData
7 silly fetchPackageMetaData node-ads1x15
8 silly fetchNamedPackageData node-ads1x15
9 silly mapToRegistry name node-ads1x15
10 silly mapToRegistry using default registry
11 silly mapToRegistry registry https://registry.npmjs.org/
12 silly mapToRegistry uri https://registry.npmjs.org/node-ads1x15
13 verbose request uri https://registry.npmjs.org/node-ads1x15
14 verbose request no auth needed
15 info attempt registry request try #1 at 11:41:39
16 verbose request id 6da88ddab5953c92
17 verbose etag "7ZYO0OS4LCQ2SBXD7MA9LWEVK"
18 http request GET https://registry.npmjs.org/node-ads1x15
19 http 304 https://registry.npmjs.org/node-ads1x15
20 verbose headers { date: 'Sat, 23 Jan 2016 17:41:39 GMT',
20 verbose headers   via: '1.1 varnish',
20 verbose headers   'cache-control': 'max-age=300',
20 verbose headers   etag: '"7ZYO0OS4LCQ2SBXD7MA9LWEVK"',
20 verbose headers   age: '216',
20 verbose headers   connection: 'keep-alive',
20 verbose headers   'x-served-by': 'cache-dfw1822-DFW',
20 verbose headers   'x-cache': 'HIT',
20 verbose headers   'x-cache-hits': '1',
20 verbose headers   'x-timer': 'S1453570899.409996,VS0,VE0',
20 verbose headers   vary: 'Accept' }
21 silly get cb [ 304,
21 silly get   { date: 'Sat, 23 Jan 2016 17:41:39 GMT',
21 silly get     via: '1.1 varnish',
21 silly get     'cache-control': 'max-age=300',
21 silly get     etag: '"7ZYO0OS4LCQ2SBXD7MA9LWEVK"',
21 silly get     age: '216',
21 silly get     connection: 'keep-alive',
21 silly get     'x-served-by': 'cache-dfw1822-DFW',
21 silly get     'x-cache': 'HIT',
21 silly get     'x-cache-hits': '1',
21 silly get     'x-timer': 'S1453570899.409996,VS0,VE0',
21 silly get     vary: 'Accept' } ]
22 verbose etag https://registry.npmjs.org/node-ads1x15 from cache
23 verbose get saving node-ads1x15 to /home/pi/.npm/registry.npmjs.org/node-ads1x15/.cache.json
24 silly install normalizeTree
25 silly loadCurrentTree Finishing
26 silly loadIdealTree Starting
27 silly install loadIdealTree
28 silly cloneCurrentTree Starting
29 silly install cloneCurrentTreeToIdealTree
30 silly cloneCurrentTree Finishing
31 silly loadShrinkwrap Starting
32 silly install loadShrinkwrap
33 silly loadShrinkwrap Finishing
34 silly loadAllDepsIntoIdealTree Starting
35 silly install loadAllDepsIntoIdealTree
36 silly resolveWithNewModule node-ads1x15@1.0.0 checking installable status
37 silly cache add args [ 'node-ads1x15', null ]
38 verbose cache add spec node-ads1x15
39 silly cache add parsed spec Result {
39 silly cache add   raw: 'node-ads1x15',
39 silly cache add   scope: null,
39 silly cache add   name: 'node-ads1x15',
39 silly cache add   rawSpec: '',
39 silly cache add   spec: 'latest',
39 silly cache add   type: 'tag' }
40 silly addNamed node-ads1x15@latest
41 verbose addNamed "latest" is being treated as a dist-tag for node-ads1x15
42 info addNameTag [ 'node-ads1x15', 'latest' ]
43 silly mapToRegistry name node-ads1x15
44 silly mapToRegistry using default registry
45 silly mapToRegistry registry https://registry.npmjs.org/
46 silly mapToRegistry uri https://registry.npmjs.org/node-ads1x15
47 verbose addNameTag registry:https://registry.npmjs.org/node-ads1x15 not in flight; fetching
48 verbose get https://registry.npmjs.org/node-ads1x15 not expired, no request
49 silly addNameTag next cb for node-ads1x15 with tag latest
50 silly addNamed node-ads1x15@1.0.0
51 verbose addNamed "1.0.0" is a plain semver version for node-ads1x15
52 silly cache afterAdd node-ads1x15@1.0.0
53 verbose afterAdd /home/pi/.npm/node-ads1x15/1.0.0/package/package.json not in flight; writing
54 verbose afterAdd /home/pi/.npm/node-ads1x15/1.0.0/package/package.json written
55 silly fetchNamedPackageData i2c
56 silly mapToRegistry name i2c
57 silly mapToRegistry using default registry
58 silly mapToRegistry registry https://registry.npmjs.org/
59 silly mapToRegistry uri https://registry.npmjs.org/i2c
60 verbose request uri https://registry.npmjs.org/i2c
61 verbose request no auth needed
62 info attempt registry request try #1 at 11:41:40
63 verbose etag "2US7AV2E523LRIDUMG1NU426P"
64 http request GET https://registry.npmjs.org/i2c
65 http 304 https://registry.npmjs.org/i2c
66 verbose headers { date: 'Sat, 23 Jan 2016 17:41:40 GMT',
66 verbose headers   via: '1.1 varnish',
66 verbose headers   'cache-control': 'max-age=300',
66 verbose headers   etag: '"2US7AV2E523LRIDUMG1NU426P"',
66 verbose headers   age: '216',
66 verbose headers   connection: 'keep-alive',
66 verbose headers   'x-served-by': 'cache-ord1721-ORD',
66 verbose headers   'x-cache': 'HIT',
66 verbose headers   'x-cache-hits': '1',
66 verbose headers   'x-timer': 'S1453570900.791334,VS0,VE0',
66 verbose headers   vary: 'Accept' }
67 silly get cb [ 304,
67 silly get   { date: 'Sat, 23 Jan 2016 17:41:40 GMT',
67 silly get     via: '1.1 varnish',
67 silly get     'cache-control': 'max-age=300',
67 silly get     etag: '"2US7AV2E523LRIDUMG1NU426P"',
67 silly get     age: '216',
67 silly get     connection: 'keep-alive',
67 silly get     'x-served-by': 'cache-ord1721-ORD',
67 silly get     'x-cache': 'HIT',
67 silly get     'x-cache-hits': '1',
67 silly get     'x-timer': 'S1453570900.791334,VS0,VE0',
67 silly get     vary: 'Accept' } ]
68 verbose etag https://registry.npmjs.org/i2c from cache
69 verbose get saving i2c to /home/pi/.npm/registry.npmjs.org/i2c/.cache.json
70 silly resolveWithNewModule i2c@0.2.1 checking installable status
71 silly cache add args [ 'i2c@^0.2.1', null ]
72 verbose cache add spec i2c@^0.2.1
73 silly cache add parsed spec Result {
73 silly cache add   raw: 'i2c@^0.2.1',
73 silly cache add   scope: null,
73 silly cache add   name: 'i2c',
73 silly cache add   rawSpec: '^0.2.1',
73 silly cache add   spec: '>=0.2.1 <0.3.0',
73 silly cache add   type: 'range' }
74 silly addNamed i2c@>=0.2.1 <0.3.0
75 verbose addNamed ">=0.2.1 <0.3.0" is a valid semver range for i2c
76 silly addNameRange { name: 'i2c', range: '>=0.2.1 <0.3.0', hasData: false }
77 silly mapToRegistry name i2c
78 silly mapToRegistry using default registry
79 silly mapToRegistry registry https://registry.npmjs.org/
80 silly mapToRegistry uri https://registry.npmjs.org/i2c
81 verbose addNameRange registry:https://registry.npmjs.org/i2c not in flight; fetching
82 verbose get https://registry.npmjs.org/i2c not expired, no request
83 silly addNameRange number 2 { name: 'i2c', range: '>=0.2.1 <0.3.0', hasData: true }
84 silly addNameRange versions [ 'i2c',
84 silly addNameRange   [ '0.0.1',
84 silly addNameRange     '0.0.2',
84 silly addNameRange     '0.0.3',
84 silly addNameRange     '0.0.4',
84 silly addNameRange     '0.0.5',
84 silly addNameRange     '0.1.0',
84 silly addNameRange     '0.1.1',
84 silly addNameRange     '0.1.2',
84 silly addNameRange     '0.1.3',
84 silly addNameRange     '0.1.4',
84 silly addNameRange     '0.1.5',
84 silly addNameRange     '0.1.6',
84 silly addNameRange     '0.1.7',
84 silly addNameRange     '0.1.8',
84 silly addNameRange     '0.2.0',
84 silly addNameRange     '0.2.1' ] ]
85 silly addNamed i2c@0.2.1
86 verbose addNamed "0.2.1" is a plain semver version for i2c
87 silly cache afterAdd i2c@0.2.1
88 verbose afterAdd /home/pi/.npm/i2c/0.2.1/package/package.json not in flight; writing
89 verbose afterAdd /home/pi/.npm/i2c/0.2.1/package/package.json written
90 silly fetchNamedPackageData underscore
91 silly mapToRegistry name underscore
92 silly mapToRegistry using default registry
93 silly mapToRegistry registry https://registry.npmjs.org/
94 silly mapToRegistry uri https://registry.npmjs.org/underscore
95 silly fetchNamedPackageData coffee-script
96 silly mapToRegistry name coffee-script
97 silly mapToRegistry using default registry
98 silly mapToRegistry registry https://registry.npmjs.org/
99 silly mapToRegistry uri https://registry.npmjs.org/coffee-script
100 silly fetchNamedPackageData repl
101 silly mapToRegistry name repl
102 silly mapToRegistry using default registry
103 silly mapToRegistry registry https://registry.npmjs.org/
104 silly mapToRegistry uri https://registry.npmjs.org/repl
105 verbose request uri https://registry.npmjs.org/underscore
106 verbose request no auth needed
107 info attempt registry request try #1 at 11:41:41
108 verbose etag "CRPPVWMG8GYOYX3GCM5IZU0K6"
109 http request GET https://registry.npmjs.org/underscore
110 verbose request uri https://registry.npmjs.org/repl
111 verbose request no auth needed
112 info attempt registry request try #1 at 11:41:41
113 verbose etag "B2YIZ9SHIPM70CR4ZZI8WJ13O"
114 http request GET https://registry.npmjs.org/repl
115 verbose request uri https://registry.npmjs.org/coffee-script
116 verbose request no auth needed
117 info attempt registry request try #1 at 11:41:41
118 verbose etag "6X11ZIRY16V5NXJ3NYAX86T1U"
119 http request GET https://registry.npmjs.org/coffee-script
120 http 304 https://registry.npmjs.org/underscore
121 verbose headers { date: 'Sat, 23 Jan 2016 17:41:41 GMT',
121 verbose headers   via: '1.1 varnish',
121 verbose headers   'cache-control': 'max-age=300',
121 verbose headers   etag: '"CRPPVWMG8GYOYX3GCM5IZU0K6"',
121 verbose headers   age: '195',
121 verbose headers   connection: 'keep-alive',
121 verbose headers   'x-served-by': 'cache-dfw1835-DFW',
121 verbose headers   'x-cache': 'HIT',
121 verbose headers   'x-cache-hits': '2',
121 verbose headers   'x-timer': 'S1453570901.391098,VS0,VE0',
121 verbose headers   vary: 'Accept' }
122 silly get cb [ 304,
122 silly get   { date: 'Sat, 23 Jan 2016 17:41:41 GMT',
122 silly get     via: '1.1 varnish',
122 silly get     'cache-control': 'max-age=300',
122 silly get     etag: '"CRPPVWMG8GYOYX3GCM5IZU0K6"',
122 silly get     age: '195',
122 silly get     connection: 'keep-alive',
122 silly get     'x-served-by': 'cache-dfw1835-DFW',
122 silly get     'x-cache': 'HIT',
122 silly get     'x-cache-hits': '2',
122 silly get     'x-timer': 'S1453570901.391098,VS0,VE0',
122 silly get     vary: 'Accept' } ]
123 verbose etag https://registry.npmjs.org/underscore from cache
124 verbose get saving underscore to /home/pi/.npm/registry.npmjs.org/underscore/.cache.json
125 http 304 https://registry.npmjs.org/repl
126 verbose headers { date: 'Sat, 23 Jan 2016 17:41:41 GMT',
126 verbose headers   via: '1.1 varnish',
126 verbose headers   'cache-control': 'max-age=300',
126 verbose headers   etag: '"B2YIZ9SHIPM70CR4ZZI8WJ13O"',
126 verbose headers   age: '215',
126 verbose headers   connection: 'keep-alive',
126 verbose headers   'x-served-by': 'cache-dfw1821-DFW',
126 verbose headers   'x-cache': 'HIT',
126 verbose headers   'x-cache-hits': '1',
126 verbose headers   'x-timer': 'S1453570901.404043,VS0,VE0',
126 verbose headers   vary: 'Accept' }
127 silly get cb [ 304,
127 silly get   { date: 'Sat, 23 Jan 2016 17:41:41 GMT',
127 silly get     via: '1.1 varnish',
127 silly get     'cache-control': 'max-age=300',
127 silly get     etag: '"B2YIZ9SHIPM70CR4ZZI8WJ13O"',
127 silly get     age: '215',
127 silly get     connection: 'keep-alive',
127 silly get     'x-served-by': 'cache-dfw1821-DFW',
127 silly get     'x-cache': 'HIT',
127 silly get     'x-cache-hits': '1',
127 silly get     'x-timer': 'S1453570901.404043,VS0,VE0',
127 silly get     vary: 'Accept' } ]
128 verbose etag https://registry.npmjs.org/repl from cache
129 verbose get saving repl to /home/pi/.npm/registry.npmjs.org/repl/.cache.json
130 http 304 https://registry.npmjs.org/coffee-script
131 verbose headers { date: 'Sat, 23 Jan 2016 17:41:41 GMT',
131 verbose headers   via: '1.1 varnish',
131 verbose headers   'cache-control': 'max-age=300',
131 verbose headers   etag: '"6X11ZIRY16V5NXJ3NYAX86T1U"',
131 verbose headers   age: '89',
131 verbose headers   connection: 'keep-alive',
131 verbose headers   'x-served-by': 'cache-dfw1830-DFW',
131 verbose headers   'x-cache': 'HIT',
131 verbose headers   'x-cache-hits': '2',
131 verbose headers   'x-timer': 'S1453570901.436654,VS0,VE0',
131 verbose headers   vary: 'Accept' }
132 silly get cb [ 304,
132 silly get   { date: 'Sat, 23 Jan 2016 17:41:41 GMT',
132 silly get     via: '1.1 varnish',
132 silly get     'cache-control': 'max-age=300',
132 silly get     etag: '"6X11ZIRY16V5NXJ3NYAX86T1U"',
132 silly get     age: '89',
132 silly get     connection: 'keep-alive',
132 silly get     'x-served-by': 'cache-dfw1830-DFW',
132 silly get     'x-cache': 'HIT',
132 silly get     'x-cache-hits': '2',
132 silly get     'x-timer': 'S1453570901.436654,VS0,VE0',
132 silly get     vary: 'Accept' } ]
133 verbose etag https://registry.npmjs.org/coffee-script from cache
134 verbose get saving coffee-script to /home/pi/.npm/registry.npmjs.org/coffee-script/.cache.json
135 silly resolveWithNewModule repl@0.1.3 checking installable status
136 silly cache add args [ 'repl@0.1.3', null ]
137 verbose cache add spec repl@0.1.3
138 silly cache add parsed spec Result {
138 silly cache add   raw: 'repl@0.1.3',
138 silly cache add   scope: null,
138 silly cache add   name: 'repl',
138 silly cache add   rawSpec: '0.1.3',
138 silly cache add   spec: '0.1.3',
138 silly cache add   type: 'version' }
139 silly addNamed repl@0.1.3
140 verbose addNamed "0.1.3" is a plain semver version for repl
141 silly mapToRegistry name repl
142 silly mapToRegistry using default registry
143 silly mapToRegistry registry https://registry.npmjs.org/
144 silly mapToRegistry uri https://registry.npmjs.org/repl
145 verbose addNameVersion registry:https://registry.npmjs.org/repl not in flight; fetching
146 silly resolveWithNewModule underscore@1.8.2 checking installable status
147 silly cache add args [ 'underscore@1.8.2', null ]
148 verbose cache add spec underscore@1.8.2
149 silly cache add parsed spec Result {
149 silly cache add   raw: 'underscore@1.8.2',
149 silly cache add   scope: null,
149 silly cache add   name: 'underscore',
149 silly cache add   rawSpec: '1.8.2',
149 silly cache add   spec: '1.8.2',
149 silly cache add   type: 'version' }
150 silly addNamed underscore@1.8.2
151 verbose addNamed "1.8.2" is a plain semver version for underscore
152 silly mapToRegistry name underscore
153 silly mapToRegistry using default registry
154 silly mapToRegistry registry https://registry.npmjs.org/
155 silly mapToRegistry uri https://registry.npmjs.org/underscore
156 verbose addNameVersion registry:https://registry.npmjs.org/underscore not in flight; fetching
157 silly resolveWithNewModule coffee-script@1.9.1 checking installable status
158 silly cache add args [ 'coffee-script@1.9.1', null ]
159 verbose cache add spec coffee-script@1.9.1
160 silly cache add parsed spec Result {
160 silly cache add   raw: 'coffee-script@1.9.1',
160 silly cache add   scope: null,
160 silly cache add   name: 'coffee-script',
160 silly cache add   rawSpec: '1.9.1',
160 silly cache add   spec: '1.9.1',
160 silly cache add   type: 'version' }
161 silly addNamed coffee-script@1.9.1
162 verbose addNamed "1.9.1" is a plain semver version for coffee-script
163 silly mapToRegistry name coffee-script
164 silly mapToRegistry using default registry
165 silly mapToRegistry registry https://registry.npmjs.org/
166 silly mapToRegistry uri https://registry.npmjs.org/coffee-script
167 verbose addNameVersion registry:https://registry.npmjs.org/coffee-script not in flight; fetching
168 verbose get https://registry.npmjs.org/repl not expired, no request
169 verbose get https://registry.npmjs.org/underscore not expired, no request
170 verbose get https://registry.npmjs.org/coffee-script not expired, no request
171 silly cache afterAdd repl@0.1.3
172 verbose afterAdd /home/pi/.npm/repl/0.1.3/package/package.json not in flight; writing
173 silly cache afterAdd underscore@1.8.2
174 verbose afterAdd /home/pi/.npm/underscore/1.8.2/package/package.json not in flight; writing
175 silly cache afterAdd coffee-script@1.9.1
176 verbose afterAdd /home/pi/.npm/coffee-script/1.9.1/package/package.json not in flight; writing
177 verbose afterAdd /home/pi/.npm/underscore/1.8.2/package/package.json written
178 verbose afterAdd /home/pi/.npm/repl/0.1.3/package/package.json written
179 verbose afterAdd /home/pi/.npm/coffee-script/1.9.1/package/package.json written
180 silly loadAllDepsIntoIdealTree Finishing
181 silly idealTree:prePrune JavaScript
181 silly idealTree:prePrune ├── async@0.9.2
181 silly idealTree:prePrune ├── bindings@1.2.1
181 silly idealTree:prePrune ├── bl@0.9.5
181 silly idealTree:prePrune ├── bufferutil@1.2.1
181 silly idealTree:prePrune ├── coffee-script@1.9.1
181 silly idealTree:prePrune ├── commist@1.0.0
181 silly idealTree:prePrune ├─┬ concat-stream@1.5.1
181 silly idealTree:prePrune │ └── readable-stream@2.0.5
181 silly idealTree:prePrune ├── core-util-is@1.0.2
181 silly idealTree:prePrune ├─┬ duplexify@3.4.2
181 silly idealTree:prePrune │ ├── end-of-stream@1.0.0
181 silly idealTree:prePrune │ └── readable-stream@2.0.5
181 silly idealTree:prePrune ├── end-of-stream@1.1.0
181 silly idealTree:prePrune ├── help-me@0.1.0
181 silly idealTree:prePrune ├── i2c@0.2.1
181 silly idealTree:prePrune ├── inherits@2.0.1
181 silly idealTree:prePrune ├── isarray@0.0.1
181 silly idealTree:prePrune ├── leven@1.0.2
181 silly idealTree:prePrune ├── minimist@1.2.0
181 silly idealTree:prePrune ├── mqtt-connection@2.1.1
181 silly idealTree:prePrune ├── mqtt-packet@3.4.6
181 silly idealTree:prePrune ├─┬ mqtt@1.6.3
181 silly idealTree:prePrune │ └── commist@1.0.0
181 silly idealTree:prePrune ├── nan@2.2.0
181 silly idealTree:prePrune ├── node-ads1x15@1.0.0
181 silly idealTree:prePrune ├── once@1.3.3
181 silly idealTree:prePrune ├── options@0.0.6
181 silly idealTree:prePrune ├─┬ play-sound@0.0.7
181 silly idealTree:prePrune │ └─┬ find-exec@0.0.8
181 silly idealTree:prePrune │   └── sync-exec@0.6.2
181 silly idealTree:prePrune ├── process-nextick-args@1.0.6
181 silly idealTree:prePrune ├── pump@1.0.1
181 silly idealTree:prePrune ├── readable-stream@1.0.33
181 silly idealTree:prePrune ├── reduplexer@1.1.0
181 silly idealTree:prePrune ├── reinterval@1.0.2
181 silly idealTree:prePrune ├── repl@0.1.3
181 silly idealTree:prePrune ├─┬ spi@0.2.0
181 silly idealTree:prePrune │ └── bindings@1.2.1
181 silly idealTree:prePrune ├── string_decoder@0.10.31
181 silly idealTree:prePrune ├── through2@0.6.5
181 silly idealTree:prePrune ├── typedarray@0.0.6
181 silly idealTree:prePrune ├── ultron@1.0.2
181 silly idealTree:prePrune ├── underscore@1.8.2
181 silly idealTree:prePrune ├── utf-8-validate@1.2.1
181 silly idealTree:prePrune ├── util-deprecate@1.0.2
181 silly idealTree:prePrune ├─┬ websocket-stream@2.3.0
181 silly idealTree:prePrune │ ├── readable-stream@2.0.5
181 silly idealTree:prePrune │ └── through2@2.0.0
181 silly idealTree:prePrune ├── wiring-pi@2.1.1
181 silly idealTree:prePrune ├── wrappy@1.0.1
181 silly idealTree:prePrune ├── ws@0.8.1
181 silly idealTree:prePrune └── xtend@4.0.1
182 silly loadIdealTree Finishing
183 silly currentTree JavaScript
183 silly currentTree ├── async@0.9.2
183 silly currentTree ├── bindings@1.2.1
183 silly currentTree ├── bl@0.9.5
183 silly currentTree ├── bufferutil@1.2.1
183 silly currentTree ├── commist@1.0.0
183 silly currentTree ├─┬ concat-stream@1.5.1
183 silly currentTree │ └── readable-stream@2.0.5
183 silly currentTree ├── core-util-is@1.0.2
183 silly currentTree ├─┬ duplexify@3.4.2
183 silly currentTree │ ├── end-of-stream@1.0.0
183 silly currentTree │ └── readable-stream@2.0.5
183 silly currentTree ├── end-of-stream@1.1.0
183 silly currentTree ├── help-me@0.1.0
183 silly currentTree ├── inherits@2.0.1
183 silly currentTree ├── isarray@0.0.1
183 silly currentTree ├── leven@1.0.2
183 silly currentTree ├── minimist@1.2.0
183 silly currentTree ├── mqtt-connection@2.1.1
183 silly currentTree ├── mqtt-packet@3.4.6
183 silly currentTree ├─┬ mqtt@1.6.3
183 silly currentTree │ └── commist@1.0.0
183 silly currentTree ├── nan@2.2.0
183 silly currentTree ├── once@1.3.3
183 silly currentTree ├── options@0.0.6
183 silly currentTree ├─┬ play-sound@0.0.7
183 silly currentTree │ └─┬ find-exec@0.0.8
183 silly currentTree │   └── sync-exec@0.6.2
183 silly currentTree ├── process-nextick-args@1.0.6
183 silly currentTree ├── pump@1.0.1
183 silly currentTree ├── readable-stream@1.0.33
183 silly currentTree ├── reduplexer@1.1.0
183 silly currentTree ├── reinterval@1.0.2
183 silly currentTree ├─┬ spi@0.2.0
183 silly currentTree │ └── bindings@1.2.1
183 silly currentTree ├── string_decoder@0.10.31
183 silly currentTree ├── through2@0.6.5
183 silly currentTree ├── typedarray@0.0.6
183 silly currentTree ├── ultron@1.0.2
183 silly currentTree ├── utf-8-validate@1.2.1
183 silly currentTree ├── util-deprecate@1.0.2
183 silly currentTree ├─┬ websocket-stream@2.3.0
183 silly currentTree │ ├── readable-stream@2.0.5
183 silly currentTree │ └── through2@2.0.0
183 silly currentTree ├── wiring-pi@2.1.1
183 silly currentTree ├── wrappy@1.0.1
183 silly currentTree ├── ws@0.8.1
183 silly currentTree └── xtend@4.0.1
184 silly idealTree JavaScript
184 silly idealTree ├── async@0.9.2
184 silly idealTree ├── bindings@1.2.1
184 silly idealTree ├── bl@0.9.5
184 silly idealTree ├── bufferutil@1.2.1
184 silly idealTree ├── coffee-script@1.9.1
184 silly idealTree ├── commist@1.0.0
184 silly idealTree ├─┬ concat-stream@1.5.1
184 silly idealTree │ └── readable-stream@2.0.5
184 silly idealTree ├── core-util-is@1.0.2
184 silly idealTree ├─┬ duplexify@3.4.2
184 silly idealTree │ ├── end-of-stream@1.0.0
184 silly idealTree │ └── readable-stream@2.0.5
184 silly idealTree ├── end-of-stream@1.1.0
184 silly idealTree ├── help-me@0.1.0
184 silly idealTree ├── i2c@0.2.1
184 silly idealTree ├── inherits@2.0.1
184 silly idealTree ├── isarray@0.0.1
184 silly idealTree ├── leven@1.0.2
184 silly idealTree ├── minimist@1.2.0
184 silly idealTree ├── mqtt-connection@2.1.1
184 silly idealTree ├── mqtt-packet@3.4.6
184 silly idealTree ├─┬ mqtt@1.6.3
184 silly idealTree │ └── commist@1.0.0
184 silly idealTree ├── nan@2.2.0
184 silly idealTree ├── node-ads1x15@1.0.0
184 silly idealTree ├── once@1.3.3
184 silly idealTree ├── options@0.0.6
184 silly idealTree ├─┬ play-sound@0.0.7
184 silly idealTree │ └─┬ find-exec@0.0.8
184 silly idealTree │   └── sync-exec@0.6.2
184 silly idealTree ├── process-nextick-args@1.0.6
184 silly idealTree ├── pump@1.0.1
184 silly idealTree ├── readable-stream@1.0.33
184 silly idealTree ├── reduplexer@1.1.0
184 silly idealTree ├── reinterval@1.0.2
184 silly idealTree ├── repl@0.1.3
184 silly idealTree ├─┬ spi@0.2.0
184 silly idealTree │ └── bindings@1.2.1
184 silly idealTree ├── string_decoder@0.10.31
184 silly idealTree ├── through2@0.6.5
184 silly idealTree ├── typedarray@0.0.6
184 silly idealTree ├── ultron@1.0.2
184 silly idealTree ├── underscore@1.8.2
184 silly idealTree ├── utf-8-validate@1.2.1
184 silly idealTree ├── util-deprecate@1.0.2
184 silly idealTree ├─┬ websocket-stream@2.3.0
184 silly idealTree │ ├── readable-stream@2.0.5
184 silly idealTree │ └── through2@2.0.0
184 silly idealTree ├── wiring-pi@2.1.1
184 silly idealTree ├── wrappy@1.0.1
184 silly idealTree ├── ws@0.8.1
184 silly idealTree └── xtend@4.0.1
185 silly generateActionsToTake Starting
186 silly install generateActionsToTake
187 silly generateActionsToTake Finishing
188 silly diffTrees action count 6
189 silly diffTrees add coffee-script@1.9.1
190 silly diffTrees add repl@0.1.3
191 silly diffTrees add underscore@1.8.2
192 silly diffTrees add i2c@0.2.1
193 silly diffTrees update mqtt@1.6.3
194 silly diffTrees add node-ads1x15@1.0.0
195 silly decomposeActions action count 48
196 silly decomposeActions fetch coffee-script@1.9.1
197 silly decomposeActions extract coffee-script@1.9.1
198 silly decomposeActions test coffee-script@1.9.1
199 silly decomposeActions preinstall coffee-script@1.9.1
200 silly decomposeActions build coffee-script@1.9.1
201 silly decomposeActions install coffee-script@1.9.1
202 silly decomposeActions postinstall coffee-script@1.9.1
203 silly decomposeActions finalize coffee-script@1.9.1
204 silly decomposeActions fetch repl@0.1.3
205 silly decomposeActions extract repl@0.1.3
206 silly decomposeActions test repl@0.1.3
207 silly decomposeActions preinstall repl@0.1.3
208 silly decomposeActions build repl@0.1.3
209 silly decomposeActions install repl@0.1.3
210 silly decomposeActions postinstall repl@0.1.3
211 silly decomposeActions finalize repl@0.1.3
212 silly decomposeActions fetch underscore@1.8.2
213 silly decomposeActions extract underscore@1.8.2
214 silly decomposeActions test underscore@1.8.2
215 silly decomposeActions preinstall underscore@1.8.2
216 silly decomposeActions build underscore@1.8.2
217 silly decomposeActions install underscore@1.8.2
218 silly decomposeActions postinstall underscore@1.8.2
219 silly decomposeActions finalize underscore@1.8.2
220 silly decomposeActions fetch i2c@0.2.1
221 silly decomposeActions extract i2c@0.2.1
222 silly decomposeActions test i2c@0.2.1
223 silly decomposeActions preinstall i2c@0.2.1
224 silly decomposeActions build i2c@0.2.1
225 silly decomposeActions install i2c@0.2.1
226 silly decomposeActions postinstall i2c@0.2.1
227 silly decomposeActions finalize i2c@0.2.1
228 silly decomposeActions fetch mqtt@1.6.3
229 silly decomposeActions extract mqtt@1.6.3
230 silly decomposeActions test mqtt@1.6.3
231 silly decomposeActions preinstall mqtt@1.6.3
232 silly decomposeActions build mqtt@1.6.3
233 silly decomposeActions install mqtt@1.6.3
234 silly decomposeActions postinstall mqtt@1.6.3
235 silly decomposeActions finalize mqtt@1.6.3
236 silly decomposeActions fetch node-ads1x15@1.0.0
237 silly decomposeActions extract node-ads1x15@1.0.0
238 silly decomposeActions test node-ads1x15@1.0.0
239 silly decomposeActions preinstall node-ads1x15@1.0.0
240 silly decomposeActions build node-ads1x15@1.0.0
241 silly decomposeActions install node-ads1x15@1.0.0
242 silly decomposeActions postinstall node-ads1x15@1.0.0
243 silly decomposeActions finalize node-ads1x15@1.0.0
244 silly executeActions Starting
245 silly install executeActions
246 silly doSerial global-install 0
247 silly doParallel fetch 6
248 verbose lock using /home/pi/.npm/_locks/staging-a9d6d489d8e5aa56.lock for /mnt/pc/git/PiBook/JavaScript/node_modules/.staging
249 silly doParallel extract 6
250 silly extract coffee-script@1.9.1
251 silly extract repl@0.1.3
252 silly extract underscore@1.8.2
253 silly extract i2c@0.2.1
254 silly extract mqtt@1.6.3
255 silly extract node-ads1x15@1.0.0
256 verbose unbuild node_modules/.staging/underscore-49e997c4
257 verbose unbuild node_modules/.staging/i2c-4dd7a7ac
258 verbose unbuild node_modules/.staging/node-ads1x15-ebc3aadd
259 verbose unbuild node_modules/.staging/repl-1c8e1dc9
260 verbose unbuild node_modules/.staging/coffee-script-ab8907b6
261 verbose unbuild node_modules/.staging/mqtt-ec2bd3ca
262 silly gentlyRm /mnt/pc/git/PiBook/JavaScript/node_modules/.staging/underscore-49e997c4 is being purged from base /mnt/pc/git/PiBook/JavaScript
263 verbose gentlyRm don't care about contents; nuking /mnt/pc/git/PiBook/JavaScript/node_modules/.staging/underscore-49e997c4
264 silly gentlyRm /mnt/pc/git/PiBook/JavaScript/node_modules/.staging/i2c-4dd7a7ac is being purged from base /mnt/pc/git/PiBook/JavaScript
265 verbose gentlyRm don't care about contents; nuking /mnt/pc/git/PiBook/JavaScript/node_modules/.staging/i2c-4dd7a7ac
266 silly gentlyRm /mnt/pc/git/PiBook/JavaScript/node_modules/.staging/node-ads1x15-ebc3aadd is being purged from base /mnt/pc/git/PiBook/JavaScript
267 verbose gentlyRm don't care about contents; nuking /mnt/pc/git/PiBook/JavaScript/node_modules/.staging/node-ads1x15-ebc3aadd
268 silly gentlyRm /mnt/pc/git/PiBook/JavaScript/node_modules/.staging/repl-1c8e1dc9 is being purged from base /mnt/pc/git/PiBook/JavaScript
269 verbose gentlyRm don't care about contents; nuking /mnt/pc/git/PiBook/JavaScript/node_modules/.staging/repl-1c8e1dc9
270 verbose tar unpack /home/pi/.npm/underscore/1.8.2/package.tgz
271 verbose tar unpacking to /mnt/pc/git/PiBook/JavaScript/node_modules/.staging/underscore-49e997c4
272 silly gentlyRm /mnt/pc/git/PiBook/JavaScript/node_modules/.staging/underscore-49e997c4 is being purged
273 verbose gentlyRm don't care about contents; nuking /mnt/pc/git/PiBook/JavaScript/node_modules/.staging/underscore-49e997c4
274 verbose tar unpack /home/pi/.npm/i2c/0.2.1/package.tgz
275 verbose tar unpacking to /mnt/pc/git/PiBook/JavaScript/node_modules/.staging/i2c-4dd7a7ac
276 silly gentlyRm /mnt/pc/git/PiBook/JavaScript/node_modules/.staging/i2c-4dd7a7ac is being purged
277 verbose gentlyRm don't care about contents; nuking /mnt/pc/git/PiBook/JavaScript/node_modules/.staging/i2c-4dd7a7ac
278 silly gentlyRm /mnt/pc/git/PiBook/JavaScript/node_modules/.staging/coffee-script-ab8907b6 is being purged from base /mnt/pc/git/PiBook/JavaScript
279 verbose gentlyRm don't care about contents; nuking /mnt/pc/git/PiBook/JavaScript/node_modules/.staging/coffee-script-ab8907b6
280 verbose tar unpack /home/pi/.npm/node-ads1x15/1.0.0/package.tgz
281 verbose tar unpacking to /mnt/pc/git/PiBook/JavaScript/node_modules/.staging/node-ads1x15-ebc3aadd
282 silly gentlyRm /mnt/pc/git/PiBook/JavaScript/node_modules/.staging/node-ads1x15-ebc3aadd is being purged
283 verbose gentlyRm don't care about contents; nuking /mnt/pc/git/PiBook/JavaScript/node_modules/.staging/node-ads1x15-ebc3aadd
284 verbose tar unpack /home/pi/.npm/repl/0.1.3/package.tgz
285 verbose tar unpacking to /mnt/pc/git/PiBook/JavaScript/node_modules/.staging/repl-1c8e1dc9
286 silly gentlyRm /mnt/pc/git/PiBook/JavaScript/node_modules/.staging/repl-1c8e1dc9 is being purged
287 verbose gentlyRm don't care about contents; nuking /mnt/pc/git/PiBook/JavaScript/node_modules/.staging/repl-1c8e1dc9
288 silly gentlyRm /mnt/pc/git/PiBook/JavaScript/node_modules/.staging/mqtt-ec2bd3ca is being purged from base /mnt/pc/git/PiBook/JavaScript
289 verbose gentlyRm don't care about contents; nuking /mnt/pc/git/PiBook/JavaScript/node_modules/.staging/mqtt-ec2bd3ca
290 silly gunzTarPerm modes [ '755', '644' ]
291 silly gunzTarPerm modes [ '755', '644' ]
292 verbose tar unpack /home/pi/.npm/coffee-script/1.9.1/package.tgz
293 verbose tar unpacking to /mnt/pc/git/PiBook/JavaScript/node_modules/.staging/coffee-script-ab8907b6
294 silly gentlyRm /mnt/pc/git/PiBook/JavaScript/node_modules/.staging/coffee-script-ab8907b6 is being purged
295 verbose gentlyRm don't care about contents; nuking /mnt/pc/git/PiBook/JavaScript/node_modules/.staging/coffee-script-ab8907b6
296 silly gunzTarPerm modes [ '755', '644' ]
297 silly gunzTarPerm modes [ '755', '644' ]
298 verbose tar unpack /home/pi/.npm/mqtt/1.6.3/package.tgz
299 verbose tar unpacking to /mnt/pc/git/PiBook/JavaScript/node_modules/.staging/mqtt-ec2bd3ca
300 silly gentlyRm /mnt/pc/git/PiBook/JavaScript/node_modules/.staging/mqtt-ec2bd3ca is being purged
301 verbose gentlyRm don't care about contents; nuking /mnt/pc/git/PiBook/JavaScript/node_modules/.staging/mqtt-ec2bd3ca
302 silly gunzTarPerm modes [ '755', '644' ]
303 silly gunzTarPerm modes [ '755', '644' ]
304 silly gunzTarPerm extractEntry package.json
305 silly gunzTarPerm extractEntry package.json
306 silly gunzTarPerm extractEntry package.json
307 silly gunzTarPerm extractEntry test.js
308 silly gunzTarPerm extractEntry package.json
309 silly gunzTarPerm extractEntry package.json
310 silly gunzTarPerm extractEntry README.md
311 silly gunzTarPerm extractEntry LICENSE
312 silly gunzTarPerm extractEntry .npmignore
313 silly gunzTarPerm extractEntry README.md
314 silly gunzTarPerm extractEntry .npmignore
315 silly gunzTarPerm extractEntry README.md
316 silly gunzTarPerm extractEntry README.md
317 silly gunzTarPerm extractEntry package.json
318 silly gunzTarPerm extractEntry .npmignore
319 silly gunzTarPerm extractEntry README
320 silly gunzTarPerm extractEntry .npmignore
321 silly gunzTarPerm extractEntry README.md
322 silly gunzTarPerm extractEntry LICENSE
323 silly gunzTarPerm extractEntry main.js
324 silly gunzTarPerm extractEntry underscore.js
325 silly gunzTarPerm extractEntry underscore-min.js
326 silly gunzTarPerm extractEntry underscore-min.map
327 silly gunzTarPerm extractEntry index.js
328 silly gunzTarPerm extractEntry lib/repl.js
329 silly gunzTarPerm extractEntry index.js
330 silly gunzTarPerm extractEntry example.js
331 silly gunzTarPerm extractEntry README.md
332 silly gunzTarPerm extractEntry LICENSE
333 silly gunzTarPerm extractEntry binding.gyp
334 silly gunzTarPerm extractEntry examples/accelerometer/accel.coffee
335 silly gunzTarPerm extractEntry mqtt.js
336 silly gunzTarPerm extractEntry .travis.yml
337 silly gunzTarPerm extractEntry register.js
338 silly gunzTarPerm extractEntry repl.js
339 silly gunzTarPerm extractEntry examples/blinkm/blinkm.coffee
340 silly gunzTarPerm extractEntry lib/i2c.coffee
341 silly gunzTarPerm extractEntry .zuul.yml
342 silly gunzTarPerm extractEntry CONTRIBUTING.md
343 silly gunzTarPerm extractEntry bin/cake
344 silly gunzTarPerm extractEntry bin/coffee
345 silly gunzTarPerm extractEntry src/i2c-dev.c
346 silly gunzTarPerm extractEntry LICENSE.md
347 silly gunzTarPerm extractEntry MQTT.js.png
348 silly gunzTarPerm extractEntry bower.json
349 silly gunzTarPerm extractEntry lib/coffee-script/browser.js
350 silly gunzTarPerm extractEntry src/i2c-dev.h
351 silly gunzTarPerm extractEntry src/i2c.cc
352 silly gunzTarPerm extractEntry benchmarks/bombing.js
353 silly gunzTarPerm extractEntry lib/coffee-script/grammar.js
354 silly gunzTarPerm extractEntry lib/coffee-script/helpers.js
355 silly gentlyRm /mnt/pc/git/PiBook/JavaScript/node_modules/.staging/node-ads1x15-ebc3aadd/node_modules is being purged
356 verbose gentlyRm don't care about contents; nuking /mnt/pc/git/PiBook/JavaScript/node_modules/.staging/node-ads1x15-ebc3aadd/node_modules
357 silly gunzTarPerm extractEntry benchmarks/throughputCounter.js
358 silly gunzTarPerm extractEntry bin/pub.js
359 silly gunzTarPerm extractEntry lib/coffee-script/index.js
360 silly gunzTarPerm extractEntry lib/coffee-script/lexer.js
361 silly gentlyRm /mnt/pc/git/PiBook/JavaScript/node_modules/.staging/repl-1c8e1dc9/node_modules is being purged
362 verbose gentlyRm don't care about contents; nuking /mnt/pc/git/PiBook/JavaScript/node_modules/.staging/repl-1c8e1dc9/node_modules
363 silly gunzTarPerm extractEntry bin/sub.js
364 silly gunzTarPerm extractEntry doc/help.txt
365 silly gunzTarPerm extractEntry lib/coffee-script/command.js
366 silly gunzTarPerm extractEntry lib/coffee-script/optparse.js
367 silly gunzTarPerm extractEntry doc/publish.txt
368 silly gunzTarPerm extractEntry doc/subscribe.txt
369 silly gentlyRm /mnt/pc/git/PiBook/JavaScript/node_modules/.staging/underscore-49e997c4/node_modules is being purged
370 verbose gentlyRm don't care about contents; nuking /mnt/pc/git/PiBook/JavaScript/node_modules/.staging/underscore-49e997c4/node_modules
371 silly gunzTarPerm extractEntry lib/coffee-script/parser.js
372 silly gunzTarPerm extractEntry lib/coffee-script/register.js
373 silly gunzTarPerm extractEntry .eslintrc
374 silly gunzTarPerm extractEntry examples/client/secure-client.js
375 silly gunzTarPerm extractEntry examples/client/simple-both.js
376 silly gunzTarPerm extractEntry examples/client/simple-publish.js
377 silly gunzTarPerm extractEntry examples/client/simple-subscribe.js
378 silly gunzTarPerm extractEntry examples/server/broadcast.js
379 silly gunzTarPerm extractEntry examples/server/orig.js
380 silly gunzTarPerm extractEntry examples/server/redis.js
381 silly gunzTarPerm extractEntry examples/server/tls.js
382 silly gunzTarPerm extractEntry lib/coffee-script/repl.js
383 silly gunzTarPerm extractEntry lib/coffee-script/rewriter.js
384 silly gunzTarPerm extractEntry examples/server/websocket.js
385 silly gunzTarPerm extractEntry examples/tls client/mqttclient.js
386 silly gunzTarPerm extractEntry lib/coffee-script/coffee-script.js
387 silly gunzTarPerm extractEntry lib/coffee-script/scope.js
388 silly gunzTarPerm extractEntry examples/tls client/crt.ca.cg.pem
389 silly gunzTarPerm extractEntry examples/tls client/tls-cert.pem
390 silly gunzTarPerm extractEntry lib/coffee-script/cake.js
391 silly gunzTarPerm extractEntry lib/coffee-script/sourcemap.js
392 silly gunzTarPerm extractEntry lib/coffee-script/nodes.js
393 silly gunzTarPerm extractEntry CNAME
394 silly gunzTarPerm extractEntry CONTRIBUTING.md
395 silly gunzTarPerm extractEntry examples/tls client/tls-key.pem
396 silly gunzTarPerm extractEntry examples/tls server/mqttserver.js
397 silly gunzTarPerm extractEntry examples/tls server/crt.server1.pem
398 silly gunzTarPerm extractEntry examples/tls server/key.csr.server1.pem
399 silly gentlyRm /mnt/pc/git/PiBook/JavaScript/node_modules/.staging/i2c-4dd7a7ac/node_modules is being purged
400 verbose gentlyRm don't care about contents; nuking /mnt/pc/git/PiBook/JavaScript/node_modules/.staging/i2c-4dd7a7ac/node_modules
401 silly gunzTarPerm extractEntry examples/wss/client.js
402 silly gunzTarPerm extractEntry lib/client.js
403 silly gunzTarPerm extractEntry lib/server.js
404 silly gunzTarPerm extractEntry lib/store.js
405 silly gunzTarPerm extractEntry lib/connect/index.js
406 silly gunzTarPerm extractEntry lib/connect/tcp.js
407 silly gunzTarPerm extractEntry lib/connect/tls.js
408 silly gunzTarPerm extractEntry lib/connect/ws.js
409 silly gunzTarPerm extractEntry .jscsrc
410 silly gunzTarPerm extractEntry .jshintrc
411 silly gunzTarPerm extractEntry test/abstract_client.js
412 silly gunzTarPerm extractEntry test/util.js
413 silly gunzTarPerm extractEntry test/client.js
414 silly gunzTarPerm extractEntry test/store.js
415 silly gunzTarPerm extractEntry test/server.js
416 silly gunzTarPerm extractEntry test/abstract_store.js
417 silly gunzTarPerm extractEntry test/secure_client.js
418 silly gunzTarPerm extractEntry test/websocket_client.js
419 silly gunzTarPerm extractEntry test/mqtt.js
420 silly gunzTarPerm extractEntry test/old/connection.test.js
421 silly gunzTarPerm extractEntry test/old/mqtt.client.test.js
422 silly gunzTarPerm extractEntry test/old/qos.test.js
423 silly gunzTarPerm extractEntry test/old/smoke.test.js
424 silly gunzTarPerm extractEntry test/old/tester.js
425 silly gunzTarPerm extractEntry test/old/tls.test.js
426 silly gunzTarPerm extractEntry test/old/transmit.json
427 silly gunzTarPerm extractEntry test/mocha.opts
428 silly gunzTarPerm extractEntry test/helpers/server.js
429 silly gunzTarPerm extractEntry test/helpers/server_process.js
430 silly gunzTarPerm extractEntry test/helpers/tls-cert.pem
431 silly gentlyRm /mnt/pc/git/PiBook/JavaScript/node_modules/.staging/coffee-script-ab8907b6/node_modules is being purged
432 verbose gentlyRm don't care about contents; nuking /mnt/pc/git/PiBook/JavaScript/node_modules/.staging/coffee-script-ab8907b6/node_modules
433 silly gunzTarPerm extractEntry test/helpers/public-key.pem
434 silly gunzTarPerm extractEntry test/helpers/private-csr.pem
435 silly gunzTarPerm extractEntry test/helpers/public-cert.pem
436 silly gunzTarPerm extractEntry test/helpers/private-key.pem
437 silly gunzTarPerm extractEntry test/helpers/tls-csr.pem
438 silly gunzTarPerm extractEntry test/helpers/tls-key.pem
439 silly gunzTarPerm extractEntry test/helpers/wrong-cert.pem
440 silly gunzTarPerm extractEntry test/helpers/wrong-csr.pem
441 silly gunzTarPerm extractEntry test/helpers/wrong-key.pem
442 silly gunzTarPerm extractEntry test/browser/ports.js
443 silly gunzTarPerm extractEntry test/browser/server.js
444 silly gunzTarPerm extractEntry test/browser/test.js
445 silly gentlyRm /mnt/pc/git/PiBook/JavaScript/node_modules/.staging/mqtt-ec2bd3ca/node_modules is being purged
446 verbose gentlyRm don't care about contents; nuking /mnt/pc/git/PiBook/JavaScript/node_modules/.staging/mqtt-ec2bd3ca/node_modules
447 silly doParallel preinstall 6
448 silly preinstall coffee-script@1.9.1 /mnt/pc/git/PiBook/JavaScript/node_modules/.staging/coffee-script-ab8907b6
449 info lifecycle coffee-script@1.9.1~preinstall: coffee-script@1.9.1
450 silly preinstall repl@0.1.3 /mnt/pc/git/PiBook/JavaScript/node_modules/.staging/repl-1c8e1dc9
451 info lifecycle repl@0.1.3~preinstall: repl@0.1.3
452 silly preinstall underscore@1.8.2 /mnt/pc/git/PiBook/JavaScript/node_modules/.staging/underscore-49e997c4
453 info lifecycle underscore@1.8.2~preinstall: underscore@1.8.2
454 silly preinstall i2c@0.2.1 /mnt/pc/git/PiBook/JavaScript/node_modules/.staging/i2c-4dd7a7ac
455 info lifecycle i2c@0.2.1~preinstall: i2c@0.2.1
456 silly preinstall mqtt@1.6.3 /mnt/pc/git/PiBook/JavaScript/node_modules/.staging/mqtt-ec2bd3ca
457 info lifecycle mqtt@1.6.3~preinstall: mqtt@1.6.3
458 silly preinstall node-ads1x15@1.0.0 /mnt/pc/git/PiBook/JavaScript/node_modules/.staging/node-ads1x15-ebc3aadd
459 info lifecycle node-ads1x15@1.0.0~preinstall: node-ads1x15@1.0.0
460 silly lifecycle coffee-script@1.9.1~preinstall: no script for preinstall, continuing
461 silly lifecycle mqtt@1.6.3~preinstall: no script for preinstall, continuing
462 silly lifecycle repl@0.1.3~preinstall: no script for preinstall, continuing
463 silly lifecycle node-ads1x15@1.0.0~preinstall: no script for preinstall, continuing
464 silly lifecycle i2c@0.2.1~preinstall: no script for preinstall, continuing
465 silly lifecycle underscore@1.8.2~preinstall: no script for preinstall, continuing
466 silly doReverseSerial remove 0
467 silly doSerial move 0
468 silly doSerial finalize 6
469 silly finalize /mnt/pc/git/PiBook/JavaScript/node_modules/coffee-script
470 silly finalize /mnt/pc/git/PiBook/JavaScript/node_modules/repl
471 silly finalize /mnt/pc/git/PiBook/JavaScript/node_modules/underscore
472 silly finalize /mnt/pc/git/PiBook/JavaScript/node_modules/i2c
473 silly finalize /mnt/pc/git/PiBook/JavaScript/node_modules/mqtt
474 silly finalize /mnt/pc/git/PiBook/JavaScript/node_modules/node-ads1x15
475 silly doSerial build 6
476 silly build coffee-script@1.9.1
477 info linkStuff coffee-script@1.9.1
478 silly linkStuff coffee-script@1.9.1 has /mnt/pc/git/PiBook/JavaScript/node_modules as its parent node_modules
479 verbose linkBins coffee-script@1.9.1
480 verbose link bins [ { coffee: './bin/coffee', cake: './bin/cake' },
480 verbose link bins   '/mnt/pc/git/PiBook/JavaScript/node_modules/.bin',
480 verbose link bins   false ]
481 verbose linkMans coffee-script@1.9.1
482 silly build repl@0.1.3
483 info linkStuff repl@0.1.3
484 silly linkStuff repl@0.1.3 has /mnt/pc/git/PiBook/JavaScript/node_modules as its parent node_modules
485 verbose linkBins repl@0.1.3
486 verbose linkMans repl@0.1.3
487 silly build underscore@1.8.2
488 info linkStuff underscore@1.8.2
489 silly linkStuff underscore@1.8.2 has /mnt/pc/git/PiBook/JavaScript/node_modules as its parent node_modules
490 verbose linkBins underscore@1.8.2
491 verbose linkMans underscore@1.8.2
492 silly build i2c@0.2.1
493 info linkStuff i2c@0.2.1
494 silly linkStuff i2c@0.2.1 has /mnt/pc/git/PiBook/JavaScript/node_modules as its parent node_modules
495 verbose linkBins i2c@0.2.1
496 verbose linkMans i2c@0.2.1
497 silly build mqtt@1.6.3
498 info linkStuff mqtt@1.6.3
499 silly linkStuff mqtt@1.6.3 has /mnt/pc/git/PiBook/JavaScript/node_modules as its parent node_modules
500 verbose linkBins mqtt@1.6.3
501 verbose link bins [ { mqtt: './mqtt.js',
501 verbose link bins     mqtt_pub: './bin/pub.js',
501 verbose link bins     mqtt_sub: './bin/sub.js' },
501 verbose link bins   '/mnt/pc/git/PiBook/JavaScript/node_modules/.bin',
501 verbose link bins   false ]
502 verbose linkMans mqtt@1.6.3
503 silly build node-ads1x15@1.0.0
504 info linkStuff node-ads1x15@1.0.0
505 silly linkStuff node-ads1x15@1.0.0 has /mnt/pc/git/PiBook/JavaScript/node_modules as its parent node_modules
506 verbose linkBins node-ads1x15@1.0.0
507 verbose linkMans node-ads1x15@1.0.0
508 silly doSerial global-link 0
509 silly doParallel update-linked 0
510 silly doSerial install 6
511 silly install coffee-script@1.9.1 /mnt/pc/git/PiBook/JavaScript/node_modules/.staging/coffee-script-ab8907b6
512 info lifecycle coffee-script@1.9.1~install: coffee-script@1.9.1
513 silly lifecycle coffee-script@1.9.1~install: no script for install, continuing
514 silly install repl@0.1.3 /mnt/pc/git/PiBook/JavaScript/node_modules/.staging/repl-1c8e1dc9
515 info lifecycle repl@0.1.3~install: repl@0.1.3
516 silly lifecycle repl@0.1.3~install: no script for install, continuing
517 silly install underscore@1.8.2 /mnt/pc/git/PiBook/JavaScript/node_modules/.staging/underscore-49e997c4
518 info lifecycle underscore@1.8.2~install: underscore@1.8.2
519 silly lifecycle underscore@1.8.2~install: no script for install, continuing
520 silly install i2c@0.2.1 /mnt/pc/git/PiBook/JavaScript/node_modules/.staging/i2c-4dd7a7ac
521 info lifecycle i2c@0.2.1~install: i2c@0.2.1
522 verbose lifecycle i2c@0.2.1~install: unsafe-perm in lifecycle true
523 verbose lifecycle i2c@0.2.1~install: PATH: /usr/local/lib/node_modules/npm/bin/node-gyp-bin:/mnt/pc/git/PiBook/JavaScript/node_modules/i2c/node_modules/.bin:/mnt/pc/git/PiBook/JavaScript/node_modules/.bin:/home/pi/bin:/usr/local/sbin:/usr/local/bin:/usr/sbin:/usr/bin:/sbin:/bin:/usr/local/games:/usr/games
524 verbose lifecycle i2c@0.2.1~install: CWD: /mnt/pc/git/PiBook/JavaScript/node_modules/i2c
525 silly lifecycle i2c@0.2.1~install: Args: [ '-c', 'node-gyp rebuild' ]
526 silly lifecycle i2c@0.2.1~install: Returned: code: 1  signal: null
527 info lifecycle i2c@0.2.1~install: Failed to exec install script
528 verbose unlock done using /home/pi/.npm/_locks/staging-a9d6d489d8e5aa56.lock for /mnt/pc/git/PiBook/JavaScript/node_modules/.staging
529 silly rollbackFailedOptional Starting
530 silly rollbackFailedOptional Finishing
531 silly runTopLevelLifecycles Starting
532 silly runTopLevelLifecycles Finishing
533 silly install printInstalled
534 warn enoent ENOENT: no such file or directory, open '/mnt/pc/git/PiBook/JavaScript/package.json'
535 warn JavaScript No description
536 warn JavaScript No repository field.
537 warn JavaScript No README data
538 warn JavaScript No license field.
539 verbose stack Error: i2c@0.2.1 install: `node-gyp rebuild`
539 verbose stack Exit status 1
539 verbose stack     at EventEmitter.<anonymous> (/usr/local/lib/node_modules/npm/lib/utils/lifecycle.js:232:16)
539 verbose stack     at emitTwo (events.js:87:13)
539 verbose stack     at EventEmitter.emit (events.js:172:7)
539 verbose stack     at ChildProcess.<anonymous> (/usr/local/lib/node_modules/npm/lib/utils/spawn.js:24:14)
539 verbose stack     at emitTwo (events.js:87:13)
539 verbose stack     at ChildProcess.emit (events.js:172:7)
539 verbose stack     at maybeClose (internal/child_process.js:818:16)
539 verbose stack     at Process.ChildProcess._handle.onexit (internal/child_process.js:211:5)
540 verbose pkgid i2c@0.2.1
541 verbose cwd /mnt/pc/git/PiBook/JavaScript/joysticks
542 error Linux 4.1.15-v7+
543 error argv "/usr/local/bin/node" "/usr/local/bin/npm" "install" "node-ads1x15"
544 error node v4.2.1
545 error npm  v3.5.3
546 error code ELIFECYCLE
547 error i2c@0.2.1 install: `node-gyp rebuild`
547 error Exit status 1
548 error Failed at the i2c@0.2.1 install script 'node-gyp rebuild'.
548 error Make sure you have the latest version of node.js and npm installed.
548 error If you do, this is most likely a problem with the i2c package,
548 error not with npm itself.
548 error Tell the author that this fails on your system:
548 error     node-gyp rebuild
548 error You can get information on how to open an issue for this project with:
548 error     npm bugs i2c
548 error Or if that isn't available, you can get their info via:
548 error     npm owner ls i2c
548 error There is likely additional logging output above.
549 verbose exit [ 1, true ]
